<?xml version="1.0" encoding="UTF-8"?>
<!-- Generated by org.testng.reporters.JUnitReportReporter -->
<testsuite hostname="DESKTOP-BA4T241" failures="0" tests="1" name="Pom_Ddf_BaseClass_utility_testng.PBTC1FullNameVerificationTest" time="11.837" errors="0" timestamp="2023-06-20T18:53:05 IST" skipped="0">
  <testcase classname="Pom_Ddf_BaseClass_utility_testng.PBTC1FullNameVerificationTest" name="VerifyFullname" time="11.837"/>
  <system-out/>
</testsuite> <!-- Pom_Ddf_BaseClass_utility_testng.PBTC1FullNameVerificationTest -->
